<?xml version="1.0" encoding="UTF-8"?>
<!-- Generated by org.testng.reporters.JUnitReportReporter -->
<testsuite hostname="Bhuvanas-MacBook-Pro.local" failures="0" tests="1" name="com.inetBanking.testcases.TC_LoginTest" time="0.715" errors="0" timestamp="2021-07-23T09:21:11 PDT" skipped="0">
  <testcase classname="com.inetBanking.testcases.TC_LoginTest" name="loginTest" time="0.715"/>
  <system-out/>
</testsuite> <!-- com.inetBanking.testcases.TC_LoginTest -->
