<?xml version="1.0" encoding="UTF-8"?>
<!-- Generated by org.testng.reporters.JUnitReportReporter -->
<testsuite hostname="Bhuvanas-MacBook-Pro.local" failures="0" tests="1" name="com.inetBanking.testcases.TC_AddNewCustomer_TC003" time="14.970" errors="0" timestamp="2021-07-24T17:58:00 PDT" skipped="0">
  <testcase classname="com.inetBanking.testcases.TC_AddNewCustomer_TC003" name="addNewCustomer" time="14.970"/>
  <system-out/>
</testsuite> <!-- com.inetBanking.testcases.TC_AddNewCustomer_TC003 -->
